c:\users\yousapr\downloads\dsnew\project1\project1\x64\debug\vc143.pdb
c:\users\yousapr\downloads\dsnew\project1\project1\x64\debug\.netframework,version=v4.7.2.assemblyattributes.obj
c:\users\yousapr\downloads\dsnew\project1\project1\x64\debug\usersmanager.obj
c:\users\yousapr\downloads\dsnew\project1\project1\x64\debug\user.obj
c:\users\yousapr\downloads\dsnew\project1\project1\x64\debug\source.obj
c:\users\yousapr\downloads\dsnew\project1\project1\x64\debug\myusercontrol.obj
c:\users\yousapr\downloads\dsnew\project1\project1\x64\debug\myform.obj
c:\users\yousapr\downloads\dsnew\project1\project1\x64\debug\filemanager.obj
c:\users\yousapr\downloads\dsnew\project1\project1\x64\debug\eventremindercard.obj
c:\users\yousapr\downloads\dsnew\project1\project1\x64\debug\eventalldata.obj
c:\users\yousapr\downloads\dsnew\project1\project1\x64\debug\event.obj
c:\users\yousapr\downloads\dsnew\project1\project1\x64\debug\displayallevents.obj
c:\users\yousapr\downloads\dsnew\project1\project1\x64\debug\dayuc.obj
c:\users\yousapr\downloads\dsnew\project1\project1\x64\debug\date.obj
c:\users\yousapr\downloads\dsnew\project1\project1\x64\debug\calendar.obj
c:\users\yousapr\downloads\dsnew\project1\project1\x64\debug\addeventform.obj
c:\users\yousapr\downloads\dsnew\project1\x64\debug\project1.exe
c:\users\yousapr\downloads\dsnew\project1\x64\debug\project1.pdb
c:\users\yousapr\downloads\dsnew\project1\project1\x64\debug\project1.tlog\metagen.write.1.tlog
c:\users\yousapr\downloads\dsnew\project1\project1\x64\debug\project1.addeventform.resources
c:\users\yousapr\downloads\dsnew\project1\project1\x64\debug\project1.dayuc.resources
c:\users\yousapr\downloads\dsnew\project1\project1\x64\debug\project1.displayallevents.resources
c:\users\yousapr\downloads\dsnew\project1\project1\x64\debug\project1.eventalldata.resources
c:\users\yousapr\downloads\dsnew\project1\project1\x64\debug\project1.eventremindercard.resources
c:\users\yousapr\downloads\dsnew\project1\project1\x64\debug\project1.myform.resources
c:\users\yousapr\downloads\dsnew\project1\project1\x64\debug\project1.myusercontrol.resources
c:\users\yousapr\downloads\dsnew\project1\project1\x64\debug\project1.tlog\cl.command.1.tlog
c:\users\yousapr\downloads\dsnew\project1\project1\x64\debug\project1.tlog\cl.read.1.tlog
c:\users\yousapr\downloads\dsnew\project1\project1\x64\debug\project1.tlog\cl.write.1.tlog
c:\users\yousapr\downloads\dsnew\project1\project1\x64\debug\project1.tlog\link.command.1.tlog
c:\users\yousapr\downloads\dsnew\project1\project1\x64\debug\project1.tlog\link.read.1.tlog
c:\users\yousapr\downloads\dsnew\project1\project1\x64\debug\project1.tlog\link.write.1.tlog
c:\users\yousapr\downloads\dsnew\project1\project1\x64\debug\project1.tlog\metagen.read.1.tlog
c:\users\yousapr\downloads\dsnew\project1\project1\x64\debug\project1.tlog\project1.write.1u.tlog
c:\users\yousapr\downloads\dsnew\project1\project1\x64\debug\project1.tlog\bar.dll.metagen
c:\users\yousapr\downloads\dsnew\project1\project1\x64\debug\project1.tlog\colorbar.dll.metagen
